0
<class '__main__.Botya'> get_list_data_for_public_bloger
<class '__main__.Botya'> public_current_post
<class '__main__.Botya'> url
Load_Post list_saves
Дайджест  от 20th-Mar-2019 10:39 am 0
Load_Post list_saves
<class '__main__.Botya'> function_load
<class '__main__.Botya'> load_post
<class '__main__.Botya'> creator
Load_Post load_post
<class '__main__.Botya'> post_for_public
610 567
Load_Post list_saves
Политический момент в Китае  от 7th-Feb-2020 05:29 pm 0
Load_Post list_saves
<class '__main__.Botya'> function_load
<class '__main__.Botya'> load_post
<class '__main__.Botya'> creator
Load_Post load_post
<class '__main__.Botya'> post_for_public
610 343
Load_Post list_saves
15 января 2020  от 18th-Jan-2020 12:45 am 0
Load_Post list_saves
<class '__main__.Botya'> function_load
<class '__main__.Botya'> load_post
<class '__main__.Botya'> creator
Load_Post load_post
<class '__main__.Botya'> post_for_public
610 375
<class '__main__.BlauKraeh'> get_list_data_for_public_bloger
<class '__main__.BlauKraeh'> public_current_post
<class '__main__.BlauKraeh'> url
Load_Post list_saves
Коронавирус и коммунизм  от Feb. 16th, 2020 at 8:25 AM 0
Load_Post list_saves
<class '__main__.BlauKraeh'> function_load
<class '__main__.BlauKraeh'> load_post
https://l.lj-toys.com/?auth_token=sessionless%3A1582005600%3Aembedcontent%3A11276245%265771%26%26%26youtube%26CGl7_BF2-ZA%3Aaeceb444ebdaf48e0182dba34fd6d583d55ac0f2&source=youtube&vid=CGl7_BF2-ZA&moduleid=5771&preview=&journalid=11276245&noads=
CGl7_BF2-ZA
<class '__main__.BlauKraeh'> creator
Load_Post load_post
<class '__main__.BlauKraeh'> post_for_public
['https://www.youtube.com/watch?v=CGl7_BF2-ZA', 'Some_videos'] 4838
{'access_key': '2c17c06a2f1b0f10ad', 'video_id': 456240685, 'upload_url': 'https://pu.vk.com/c857228/upload.php?act=parse_share&hash=f301cd22070cc07309658191ec0115c1&rhash=ff715b0b6d09648723dca1c18a536fef&mid=117562096&url=https%3A%2F%2Fwww.youtube.com%2Fwatch%3Fv%3DCGl7_BF2-ZA&api_callback=07f7cc4e1e302eea8a&remotely=1&photo_server=206728&photo_server_hash=3bb7e8401b8e0dc4a2d7c32a6be31641&api_id=6397721', 'owner_id': -165089751, 'description': '', 'title': 'Some_videos'}

<center>[[video-165089751_456240685|600x400px;player| ]]</center>

610 406
Load_Post list_saves
ИЛЬЯ РОМАНОВ. ПО МНЕНИЮ РОССИЙСКИХ ВЛАСТЕЙ НЕ ДОЛЖЕН ЖИТЬ!  от Feb. 15th, 2020 at 7:52 AM 0
Load_Post list_saves
<class '__main__.BlauKraeh'> function_load
<class '__main__.BlauKraeh'> load_post
<class '__main__.BlauKraeh'> creator
Load_Post load_post
<class '__main__.BlauKraeh'> post_for_public
610 566
<class '__main__.Ballaev'> get_list_data_for_public_bloger
<class '__main__.Ballaev'> public_current_post
<class '__main__.Ballaev'> url
Load_Post list_saves
Отрывки из Большого террора. Черновой вариант предисловия (часть 6)  от February 14th, 22:09 0
Load_Post list_saves
<class '__main__.Ballaev'> function_load
<class '__main__.Ballaev'> load_post
<class '__main__.Ballaev'> creator
Load_Post load_post
<class '__main__.Ballaev'> post_for_public
610 845
610 851
Load_Post list_saves
Отрывки из Большого террора. Черновой вариант предисловия (часть 5)  от February 12th, 19:43 0
Load_Post list_saves
<class '__main__.Ballaev'> function_load
<class '__main__.Ballaev'> load_post
<class '__main__.Ballaev'> creator
Load_Post load_post
<class '__main__.Ballaev'> post_for_public
610 392
Load_Post list_saves
Отрывки из Большого террора. Черновой вариант предисловия (часть 4)  от February 11th, 12:57 0
Load_Post list_saves
<class '__main__.Ballaev'> function_load
<class '__main__.Ballaev'> load_post
<class '__main__.Ballaev'> creator
Load_Post load_post
<class '__main__.Ballaev'> post_for_public
610 406
<class '__main__.ONB'> get_list_data_for_public_bloger
<class '__main__.ONB'> public_current_post
<class '__main__.ONB'> url
<class '__main__.Remi'> get_list_data_for_public_bloger
<class '__main__.Remi'> public_current_post
<class '__main__.Remi'> url
Load_Post list_saves
техническое  от February 17th, 10:15 0
Load_Post list_saves
<class '__main__.Remi'> function_load
<class '__main__.Remi'> load_post
<class '__main__.Remi'> creator
Load_Post load_post
<class '__main__.Remi'> post_for_public
610 620
Load_Post list_saves
Очередные Солженицынские Чтения  от February 16th, 13:57 0
Load_Post list_saves
<class '__main__.Remi'> function_load
<class '__main__.Remi'> load_post
https://l.lj-toys.com/?auth_token=sessionless%3A1582009200%3Aembedcontent%3A31890124%262996%26%260%26youtube%26koFuGhKmcuY%3A42b48ac59609bf96a2f503026604a84405287a3f&source=youtube&vid=koFuGhKmcuY&moduleid=2996&preview=0&journalid=31890124&noads=
koFuGhKmcuY
<class '__main__.Remi'> creator
Load_Post load_post
<class '__main__.Remi'> post_for_public
['https://www.youtube.com/watch?v=koFuGhKmcuY', 'Some_videos'] 4838
{'access_key': '5c0a3ce00a436363e6', 'video_id': 456240686, 'upload_url': 'https://pu.vk.com/c857628/upload.php?act=parse_share&hash=0b0f95ff9a64110dcff27fe83fd54695&rhash=f314579bb8e1b81fa41a79a87f184d07&mid=117562096&url=https%3A%2F%2Fwww.youtube.com%2Fwatch%3Fv%3DkoFuGhKmcuY&api_callback=f054ba979c53194645&remotely=1&photo_server=857420&photo_server_hash=6a224ad730df80d24d1e568c6ac662ef&api_id=6397721', 'owner_id': -165089751, 'description': '', 'title': 'Some_videos'}

<center>[[video-165089751_456240686|600x400px;player| ]]</center>

610 406
Load_Post list_saves
К вопросу о малолетних экстремистах  от February 13th, 15:07 0
Load_Post list_saves
<class '__main__.Remi'> function_load
<class '__main__.Remi'> load_post
https://l.lj-toys.com/?auth_token=sessionless%3A1582009200%3Aembedcontent%3A31890124%262983%26%260%26youtube%26IlY9C6pzxKc%3Ae66afc2fa26903b2e8edba5322f3e89b6aa18bde&source=youtube&vid=IlY9C6pzxKc&moduleid=2983&preview=0&journalid=31890124&noads=
IlY9C6pzxKc
<class '__main__.Remi'> creator
Load_Post load_post
<class '__main__.Remi'> post_for_public
610 607
['https://www.youtube.com/watch?v=IlY9C6pzxKc', 'Some_videos'] 4838
{'access_key': '31041db0c84105c015', 'video_id': 456240687, 'upload_url': 'https://pu.vk.com/c205428/upload.php?act=parse_share&hash=cb23e7d249bdc16e6c3d319fba8a44d0&rhash=ff3089c3cf470e5b0866285589415f28&mid=117562096&url=https%3A%2F%2Fwww.youtube.com%2Fwatch%3Fv%3DIlY9C6pzxKc&api_callback=2add02026ac0ae3489&remotely=1&photo_server=200820&photo_server_hash=b464e8b3bf7d8f30a9b0aabe5ed79a90&api_id=6397721', 'owner_id': -165089751, 'description': '', 'title': 'Some_videos'}

<center>[[video-165089751_456240687|600x400px;player| ]]</center>

<class '__main__.Bulgat'> get_list_data_for_public_bloger
<class '__main__.Bulgat'> public_current_post
<class '__main__.Bulgat'> url
Load_Post list_saves
Учись работать, как Путин  от February 11th, 21:13 0
Load_Post list_saves
<class '__main__.Bulgat'> function_load
<class '__main__.Bulgat'> load_post
<class '__main__.Bulgat'> creator
Load_Post load_post
<class '__main__.Bulgat'> post_for_public
610 457
610 611
610 338
610 460
Load_Post list_saves
Пару слов в защиту Путина  от January 16th, 21:35 0
Load_Post list_saves
<class '__main__.Bulgat'> function_load
<class '__main__.Bulgat'> load_post
<class '__main__.Bulgat'> creator
Load_Post load_post
<class '__main__.Bulgat'> post_for_public
610 497
Деструктор за работой 13
